-------------------------------------------------------------------------------
Test set: com.caloger.Budgie.Services.TransactionServiceTest
-------------------------------------------------------------------------------
Tests run: 7, Failures: 0, Errors: 1, Skipped: 0, Time elapsed: 0.001 s <<< FAILURE! - in com.caloger.Budgie.Services.TransactionServiceTest
shouldSaveExpense  Time elapsed: 0 s  <<< ERROR!
java.lang.NullPointerException
	at com.caloger.Budgie.Services.TransactionServiceTest.shouldSaveExpense(TransactionServiceTest.java:20)

